<?xml version="1.0" encoding="UTF-8"?>
<testng-results ignored="0" total="1" passed="1" failed="0" skipped="0">
  <reporter-output>
  </reporter-output>
  <suite started-at="2022-08-25T10:35:59 IST" name="Suite" finished-at="2022-08-25T10:36:09 IST" duration-ms="9325">
    <groups>
    </groups>
    <test started-at="2022-08-25T10:35:59 IST" name="Test" finished-at="2022-08-25T10:36:09 IST" duration-ms="9325">
      <class name="testClass.TC_001">
        <test-method is-config="true" signature="launchBrowser()[pri:0, instance:testClass.TC_001@22a637e7]" started-at="2022-08-25T10:35:59 IST" name="launchBrowser" finished-at="2022-08-25T10:36:03 IST" duration-ms="3660" status="PASS">
          <reporter-output>
          </reporter-output>
        </test-method> <!-- launchBrowser -->
        <test-method signature="tc01()[pri:0, instance:testClass.TC_001@22a637e7]" started-at="2022-08-25T10:36:03 IST" name="tc01" finished-at="2022-08-25T10:36:06 IST" duration-ms="3097" status="PASS">
          <reporter-output>
          </reporter-output>
        </test-method> <!-- tc01 -->
        <test-method is-config="true" signature="closeBrowser()[pri:0, instance:testClass.TC_001@22a637e7]" started-at="2022-08-25T10:36:06 IST" name="closeBrowser" finished-at="2022-08-25T10:36:09 IST" duration-ms="2535" status="PASS">
          <reporter-output>
          </reporter-output>
        </test-method> <!-- closeBrowser -->
      </class> <!-- testClass.TC_001 -->
    </test> <!-- Test -->
  </suite> <!-- Suite -->
</testng-results>
